<?xml version="1.0" encoding="UTF-8"?>
<!-- Generated by org.testng.reporters.JUnitXMLReporter -->
<testsuite hostname="Administrators-MacBook-Pro-9.local" ignored="2" name="Default test" tests="1" failures="0" timestamp="21 Oct 2018 13:40:44 GMT" time="5.516" errors="0">
  <testcase name="verifyLoginPageTitle" time="0.013" classname="com.qa.xyz.tests.LoginTest"/>
  <testcase name="verifyForgotPwdLinkPresentTest" time="0.0" classname="com.qa.xyz.tests.LoginTest">
    <ignored/>
  </testcase> <!-- verifyForgotPwdLinkPresentTest -->
  <testcase name="loginTest" time="0.0" classname="com.qa.xyz.tests.LoginTest">
    <ignored/>
  </testcase> <!-- loginTest -->
</testsuite> <!-- Default test -->
