<?xml version="1.0" encoding="UTF-8"?>
<!-- Generated by org.testng.reporters.JUnitXMLReporter -->
<testsuite hostname="Administrators-MacBook-Pro-9.local" ignored="0" name="Default test" tests="4" failures="0" timestamp="18 Oct 2018 02:36:28 GMT" time="77.173" errors="0">
  <testcase name="createContactTest" time="4.953" classname="com.qa.xyz.tests.ContactsPageTest"/>
  <testcase name="createContactTest" time="6.963" classname="com.qa.xyz.tests.ContactsPageTest"/>
  <testcase name="createContactTest" time="6.584" classname="com.qa.xyz.tests.ContactsPageTest"/>
  <testcase name="createContactTest" time="5.299" classname="com.qa.xyz.tests.ContactsPageTest"/>
</testsuite> <!-- Default test -->
